_editor.lua:0 145
highlighter.lua:361;on_line_impl;for_each_highlight_state;fn;iter 61
mrs_doubtfire.lua:30;new;reset_lines;update;update_ui;draw_border_guides;draw_horiz_border_guide;set_grid;reset;show;__newindex;plugin.lua:192 52
bufferline.lua:54;get_components;new 46
mrs_doubtfire.lua:30;getchar;pcall;@0x01025f55cc;_editor.lua:0 29
highlighter.lua:361 27
mrs_doubtfire.lua:30;new;reset_lines;update;update_ui;draw_border_guides;draw_horiz_border_guide;set_grid;reset;show;__newindex;[string]:0 24
highlighter.lua:361;on_line_impl;for_each_highlight_state;fn;iter;match_preds;fn 24
state.lua:158 22
highlighter.lua:361;on_line_impl;for_each_highlight_state;fn;iter;match_preds;fn;handler;get_node_text 20
highlighter.lua:361;on_line_impl;for_each_highlight_state;fn 17
mrs_doubtfire.lua:30;getchar;pcall;@0x01025f55cc;treesitter-context.lua:21;f;get_context;(for generator);get_context_query;pcall;_memoize.lua:55;fn;get_files 16
nvim-cursorline.lua:66 16
_editor.lua:0; 15
mrs_doubtfire.lua:30;getchar;pcall;@0x01025f55cc;state.lua:158 15
mrs_doubtfire.lua:30;getchar;cmd;nvim_exec2;highlighter.lua:361 12
bufferline.lua:54;get_components;get_valid_buffers 12
highlighter.lua:361;on_line_impl;for_each_highlight_state;fn;iter;apply_directives;fn 11
highlighter.lua:361;on_line_impl;for_each_highlight_state;fn;iter;match_preds;pack_len 11
bufferline.lua:54;tabline;get;pcall;bufferline.lua:27;list 10
highlighter.lua:361;on_line_impl;for_each_highlight_state;fn;unpack4 9
[string]:0;get_delim;get_active_nodes;fn;get_matches;fn;for_each_tree;fn;collect_group_results;(for generator);matches 8
[string]:0;get_delim;get_active_nodes;fn;get_matches;fn;for_each_tree;fn;collect_group_results;(for generator);split 8
_editor.lua:0;;nvim__redraw;bufferline.lua:54;get_components;new 7
_editor.lua:0;;nvim__redraw;highlighter.lua:361;on_line_impl;for_each_highlight_state;fn;iter 7
triggers.lua:43;start;step;pcall;@0x01025f55cc;_editor.lua:0 7
[string]:0;get_delim;get_active_nodes;fn;get_matches;fn;for_each_tree;for_each_tree;fn;collect_group_results;iter_group_results;prepare_query;get_query;get_query;fn;get_files 7
highlighter.lua:361;on_line_impl;for_each_highlight_state;fn;get_range 6
mrs_doubtfire.lua:30;new;visible_bounds;right_col 6
mrs_doubtfire.lua:30;getchar;cmd 5
triggers.lua:43;start;get;update;add;find 5
buf.lua:675;buf_clear_references;validate;; 5
mrs_doubtfire.lua:30;new;reset_lines;update;update_ui;draw_border_guides;draw_horiz_border_guide;set_grid;reset;show;nvim_create_buf;state.lua:136 4
mrs_doubtfire.lua:30;ctrl_key_pressed;parse_char;flash_vert_line;draw_vert_line 4
animate.lua:8 4
[string]:0 4
_editor.lua:0;;nvim__redraw;highlighter.lua:361;on_line_impl;for_each_highlight_state;fn;iter;apply_directives;fn 4
_editor.lua:0;;nvim__redraw;highlighter.lua:361;on_line_impl;for_each_highlight_state;fn 4
mrs_doubtfire.lua:30;new;reset_lines;update;update_ui;draw_border_guides;draw_horiz_border_guide;set_grid;reset;show;__newindex;configs.lua:132 4
highlighter.lua:361;on_line_impl;for_each_highlight_state;fn;iter;apply_directives 4
_editor.lua:0;;pcall;lualine.lua:523;refresh;nvim_win_call;lualine.lua:279;statusline;pcall;lualine.lua:160;draw_section;draw;update_status 4
_editor.lua:0;;nvim__redraw;highlighter.lua:361;on_line_impl;for_each_highlight_state;fn;iter;match_preds;fn 4
_editor.lua:0;;nvim__redraw;highlighter.lua:361;on_line_impl;for_each_highlight_state;fn;iter;match_preds;fn;handler;get_node_text 4
[string]:0;get_delim;get_active_nodes;fn 3
rpc.lua:251 3
triggers.lua:43;start;step;pcall;@0x01025f55cc;_editor.lua:0;;try;pcall;view.lua:267;expand;item;icon;get 3
[string]:0;get_delim 3
bufferline.lua:54;tabline;join;to_tabline_str;tbl_flatten;totable 3
buf.lua:675;buf_clear_references;validate; 3
bufferline.lua:54;tabline;join;to_tabline_str;extend_highlight;tbl_get 3
autocommands.lua:141;update_position;get_position_in_win;iter;tbl_extend 3
mrs_doubtfire.lua:30;ctrl_key_pressed;parse_char;buffer_window_bounds;visible_bounds;right_col 3
highlighter.lua:361;on_line_impl;for_each_highlight_state;fn;iter;apply_directives;pack_len 3
bufferline.lua:54;get_components;reset 3
mrs_doubtfire.lua:30;getchar;pcall;@0x01025f55cc;treesitter-context.lua:21;f;get_context;iter_context_parents;get_parent_langtrees;contains;tree_contains 3
mrs_doubtfire.lua:30;new;reset_lines;get_visible_lines;visible_bounds;right_col 3
lualine.lua:352;refresh;nvim_win_call;lualine.lua:279;statusline;pcall;lualine.lua:160;draw_section;draw;update_status 3
mrs_doubtfire.lua:30;getchar;pcall;@0x01025f55cc;_editor.lua:0;;pcall;lualine.lua:523;refresh;nvim_win_call;lualine.lua:279;statusline;pcall;lualine.lua:160;draw_section;draw;apply_highlights 3
triggers.lua:43;start;step;pcall;@0x01025f55cc;_editor.lua:0;;try;pcall;view.lua:267;redraw;highlighter.lua:361;on_line_impl;for_each_highlight_state;fn 3
[string]:0;get_delim;get_active_nodes;fn;get_matches;fn;for_each_tree;fn;collect_group_results;(for generator);insert_to_path 3
mrs_doubtfire.lua:30;getchar;pcall;@0x01025f55cc;_editor.lua:0; 3
highlighter.lua:361;on_line_impl;for_each_highlight_state;fn;iter;match_preds;fn;handler;get_node_text;get_range 3
bufferline.lua:54;__index 2
grid.lua:68 2
_editor.lua:0;;pcall;notification.lua:362;guard;pcall;notification.lua:373;set_lines 2
highlighter.lua:361;on_line_impl;for_each_highlight_state;fn;iter;match_preds 2
lualine.lua:352;refresh;nvim_win_call;lualine.lua:279;statusline;pcall;lualine.lua:160;draw_section;extract_highlight_colors 2
bufferline.lua:54;set;filter_invisible 2
bufferline.lua:54;set;tbl_contains;validate; 2
highlighter.lua:361;on_line_impl;for_each_highlight_state;fn;iter;match_preds;fn;handler 2
[string]:0;get_delim;get_active_nodes;fn;_node_id 2
mrs_doubtfire.lua:30;getchar;pcall;@0x01025f55cc;treesitter-context.lua:133 2
mrs_doubtfire.lua:30;getchar;pcall;@0x01025f55cc;_editor.lua:0;;nvim__redraw;bufferline.lua:54;get_components;new 2
mrs_doubtfire.lua:30;getchar;pcall;@0x01025f55cc;treesitter-context.lua:21;f;get_context;context_range;fn;(for generator) 2
init.lua:77 2
_editor.lua:0;;nvim__redraw;highlighter.lua:361;on_line_impl;for_each_highlight_state;fn;iter;match_preds;fn;handler;get_node_text;get_range 2
triggers.lua:43;start;get;update;fix;walk 2
lualine.lua:318;tbl_extend 2
mrs_doubtfire.lua:30;new;reset_lines;update;update_ui;draw_border_guides;draw_horiz_border_guide;set_grid;reset;show;__newindex;configs.lua:132;reattach_module;attach_module;get_buf_lang 2
highlighter.lua:396;parse;is_valid;is_valid 2
_editor.lua:0;;pcall;lualine.lua:523;refresh;nvim_win_call;lualine.lua:279;statusline;pcall;lualine.lua:160;draw_section;draw;apply_padding 2
buf.lua:669;request;request;request;encode_and_send;write;write 2
custom_entries_view.lua:57 2
mrs_doubtfire.lua:30;new;reset_lines;update;update_ui;draw_border_guides;draw_horiz_border_guide;set_grid;reset;show;__newindex;configs.lua:132;reattach_module;attach_module;is_enabled;has_parser;__index 2
mrs_doubtfire.lua:30;new;reset_lines;update;update_ui;draw_border_guides;draw_horiz_border_guide;set_grid;reset;show;__newindex;configs.lua:132;reattach_module;attach_module 2
triggers.lua:43;start;step;pcall;@0x01025f55cc;_editor.lua:0;;try;pcall;view.lua:267;new 2
mrs_doubtfire.lua:30;getchar;cmd;nvim_exec2;highlighter.lua:361;on_line_impl;for_each_highlight_state;fn 2
treesitter-context.lua:21;f;get_context;(for generator);get_context_query;pcall;_memoize.lua:55;fn;get_files 2
mrs_doubtfire.lua:30;terminate;cleanup;cleanup;hide;nvim_win_close;init.lua:182;__index 2
[string]:0;get_delim;get_active_nodes;fn;get_matches;fn;for_each_tree;fn;list_extend;validate; 2
mrs_doubtfire.lua:30;getchar;pcall;@0x01025f55cc;treesitter-context.lua:21;f;get_context;(for generator);get_context_query;pcall;_memoize.lua:55;fn;fn 2
mrs_doubtfire.lua:30;terminate;cleanup;cleanup;hide;nvim_win_close;[string]:0;npcall 2
autocommands.lua:141;update_position;get_position_in_win 2
mrs_doubtfire.lua:30;getchar;pcall;@0x01025f55cc;_editor.lua:0;;pcall;lualine.lua:523;refresh;nvim_win_call;lualine.lua:279;statusline;pcall;lualine.lua:160;draw_section;draw;update_status 2
[string]:0;get_delim;get_active_nodes;fn;get_matches;fn;for_each_tree;fn;list_extend 2
bufferline.lua:54;tabline;join;to_tabline_str;tbl_flatten;iter 2
triggers.lua:43;start;step;pcall;@0x01025f55cc;state.lua:158 2
highlighter.lua:361;on_line_impl 2
bufferline.lua:54;tabline;__index 2
mrs_doubtfire.lua:30;new;reset_lines;get_visible_lines 2
mrs_doubtfire.lua:30;new;reset_lines;update;update_ui;draw_border_guides;draw_horiz_border_guide;set_grid;reset;show;__newindex;configs.lua:132;reattach_module;detach_module;resolve_module;get_module;get_at_path;split 1
bufferline.lua:54;render;merge_lists 1
mrs_doubtfire.lua:30;new;reset_lines;update;update_ui;draw_border_guides;draw_horiz_border_guide 1
_editor.lua:0;;nvim__redraw;highlighter.lua:361;on_line_impl;for_each_highlight_state;fn;iter;match_preds;pack_len 1
mrs_doubtfire.lua:30;getchar;cmd;nvim_exec2;bufferline.lua:54;get_components;ui.lua:461;filter_invalid 1
_editor.lua:0;;pcall;notification.lua:362;guard;pcall;notification.lua:373;show;get_window_position;get_editor_dimensions 1
bufferline.lua:98;toggle_bufferline;__index 1
nvim-cursorline.lua:95;matchadd 1
bufferline.lua:54;get_components;get_valid_buffers;is_valid 1
_editor.lua:0;;nvim__redraw;bufferline.lua:54;render;get_group_marker;get_component_size 1
autocommands.lua:141;update_position;get_buffers;get_aerial_buffer 1
mrs_doubtfire.lua:30;new;reset_lines;update;update_ui;draw_border_guides;draw_horiz_border_guide;set_grid;reset;show;__newindex;lualine.lua:318;tbl_extend 1
bufferline.lua:54;get_components;ui.lua:461;add_indicator;__index 1
_editor.lua:0;;pcall;lualine.lua:523;refresh;nvim_win_call;lualine.lua:279;statusline;pcall;lualine.lua:160;draw_section;draw;apply_highlights;format_hl;highlight 1
_editor.lua:0;;nvim__redraw;custom_entries_view.lua:57 1
mrs_doubtfire.lua:30;getchar;pcall;@0x01025f55cc;_editor.lua:0;;nvim__redraw;bufferline.lua:54;tabline;get;pcall;bufferline.lua:27;list 1
ghost_text_view.lua:33 1
mrs_doubtfire.lua:30;getchar;pcall;@0x01025f55cc;lualine.lua:352;refresh;nvim_win_call;lualine.lua:279;statusline;pcall;lualine.lua:160;draw_section;draw;update_status;pcall;lualine.lua:126;get_mode 1
_editor.lua:0;;nvim__redraw;bufferline.lua:54;tabline;get;pcall;bufferline.lua:27;list 1
mrs_doubtfire.lua:30;terminate;cleanup;cleanup;hide;nvim_win_close;colorizer.lua:432;detach_from_buffer;is_buffer_attached;tbl_isempty 1
bufferline.lua:98;toggle_bufferline 1
mrs_doubtfire.lua:30;getchar;pcall;@0x01025f55cc;_editor.lua:0;;pcall;lualine.lua:523;refresh;nvim_win_call;lualine.lua:279;statusline;pcall;lualine.lua:160;draw_section;draw;update_status;get_diagnostics;sources.lua:35;count;get_diagnostics;add_all_diags 1
mrs_doubtfire.lua:30;getchar;pcall;@0x01025f55cc;treesitter-context.lua:28 1
mrs_doubtfire.lua:30;getchar;cmd;nvim_exec2;bufferline.lua:54;get_components;ui.lua:461;get_component_size 1
mrs_doubtfire.lua:30;getchar;cmd;nvim_exec2;bufferline.lua:98;toggle_bufferline;get_buf_count 1
_editor.lua:0;;pcall;notification.lua:362;guard;pcall;notification.lua:373;show;win_set_local_options;nvim_win_call;window.lua:287;cmd;nvim_exec2;treesitter-context.lua:174 1
mrs_doubtfire.lua:30;getchar;pcall;@0x01025f55cc;lualine.lua:352;refresh 1
mrs_doubtfire.lua:30;getchar;pcall;@0x01025f55cc;lualine.lua:352;refresh;nvim_win_call;lualine.lua:279;statusline;pcall;lualine.lua:160;draw_section;draw 1
mrs_doubtfire.lua:30;getchar;cmd;nvim_exec2;bufferline.lua:98;toggle_bufferline 1
highlighter.lua:361;on_line_impl;for_each_highlight_state;fn;query 1
[string]:0;get_delim;get_active_nodes;fn;pcall;internal.lua:97;get_parser;get_buf_lang 1
_editor.lua:0;;nvim__redraw;bufferline.lua:54;tabline;join;to_tabline_str;__index 1
mrs_doubtfire.lua:30;getchar;pcall;@0x01025f55cc;_editor.lua:0;;pcall;lualine.lua:523;refresh;nvim_win_call;lualine.lua:279;statusline;pcall;lualine.lua:160;draw_section 1
[string]:0;synID;get_treesitter_hl;get_hl_groups_at_position;for_each_tree;fn;(for generator);match_preds;fn 1
lualine.lua:318;tbl_contains;validate; 1
lualine.lua:352;refresh;nvim_win_call;lualine.lua:279;statusline;pcall;lualine.lua:160;draw_section 1
highlighter.lua:361;on_line_impl;for_each_highlight_state;fn;iter;apply_directives;hash 1
autocommands.lua:141;update_position;update_highlights;get_buffers;get_aerial_buffer 1
mrs_doubtfire.lua:30;getchar;pcall;@0x01025f55cc;lualine.lua:352;refresh;nvim_win_call;lualine.lua:279;statusline;pcall;lualine.lua:160;draw_section;draw;update_status 1
mrs_doubtfire.lua:30;getchar;cmd;nvim_exec2;bufferline.lua:54;get_components;ui.lua:461;add_icon 1
[string]:0;synID;get_treesitter_hl 1
mrs_doubtfire.lua:30;getchar;pcall;@0x01025f55cc;_editor.lua:0;;nvim__redraw;bufferline.lua:54;tabline;merge_lists 1
mrs_doubtfire.lua:30;getchar;cmd;nvim_exec2;highlighter.lua:361;on_line_impl;for_each_highlight_state;fn;iter 1
mrs_doubtfire.lua:30;new;reset_lines;update;update_ui;set;reset;deepcopy; 1
[string]:0;synID;get_treesitter_hl;get_hl_groups_at_position;for_each_tree;fn;(for generator);match_preds;fn;handler;get_node_text;get_range 1
mrs_doubtfire.lua:30;getchar;cmd;nvim_exec2;highlighter.lua:361;on_line_impl;for_each_highlight_state;fn;iter;match_preds;fn;handler;get_node_text 1
mrs_doubtfire.lua:30;getchar;cmd;nvim_exec2;highlighter.lua:361;on_line_impl;for_each_highlight_state;fn;iter;match_preds;fn 1
lualine.lua:352;refresh;nvim_win_call;lualine.lua:279;statusline;pcall;lualine.lua:160;draw_section;draw;cond;throttled_command_status;fn;content;tbl_map 1
init.lua:77;safe_handle;xpcall;init.lua:189;handler;set;append;_append 1
mrs_doubtfire.lua:30;new;visible_bounds;top_row 1
mrs_doubtfire.lua:30;ctrl_key_pressed;parse_char;flash_vert_line;draw_vert_line;len 1
_editor.lua:0;;;defer_fn;validate; 1
lualine.lua:352;refresh;nvim_win_call;lualine.lua:279;statusline;pcall;lualine.lua:160;draw_section;draw;update_status;extract_highlight_colors;get_lualine_hl;split;gsplit;validate;;;is_callable 1
mrs_doubtfire.lua:30;getchar;pcall;@0x01025f55cc;treesitter-context.lua:21;f;get_context;context_range;deepcopy 1
bufferline.lua:54;get_components;ui.lua:461;component 1
_editor.lua:0;;pcall;notification.lua:362;guard;pcall;notification.lua:373;show;get_window_position 1
highlighter.lua:396;parse;parse;_parse_regions 1
mrs_doubtfire.lua:30;getchar;pcall;@0x01025f55cc;treesitter-context.lua:21 1
mrs_doubtfire.lua:30;new;reset_lines;update;update_ui;draw_border_guides;buffer_window_bounds;visible_bounds;right_col 1
_editor.lua:0;;nvim__redraw;highlighter.lua:361;on_line_impl;for_each_highlight_state;fn;iter;match_preds 1
mrs_doubtfire.lua:30;ctrl_key_pressed;parse_char;flash_vert_line;draw_vert_line;buffer_window_bounds;visible_bounds;left_col 1
mrs_doubtfire.lua:30;ctrl_key_pressed;parse_char;flash_vert_line;draw_vert_line;clear_vert_line 1
[string]:0;get_delim;get_active_nodes;fn;get_option;get_module;get_at_path;split;gsplit 1
[string]:0;get_delim;containing_scope;get_scopes;fn 1
_editor.lua:0;;nvim__redraw;highlighter.lua:361 1
mrs_doubtfire.lua:30;new;reset_lines;get_visible_lines;range 1
mini.lua:61;update;display;hide;call.lua:134;xpcall;nui.lua:177;unmount;_buf_destroy;nvim_buf_delete;[string]:0;npcall 1
buf.lua:669;request;request;request;encode_and_send;inspect;putValue;putValue; 1
_editor.lua:0;;pcall;notification.lua:362;render;render_item;gsplit;validate;;;is_callable 1
[string]:0;synID;get_treesitter_hl;get_hl_groups_at_position;for_each_tree;fn;is_in_node_range 1
[string]:0;lang_skip;get_skips;get_matches;update_cached_matches;collect_group_results;(for generator);matches 1
[string]:0;synID;is_active;active 1
_editor.lua:0;;pcall;lualine.lua:523;refresh;nvim_win_call;lualine.lua:279;statusline;pcall;lualine.lua:160;draw_section;draw;apply_highlights;format_hl;append_mode 1
init.lua:77;safe_handle;xpcall;init.lua:189;handler;skip;is_equal;deep_equal 1
_editor.lua:0;;pcall;lualine.lua:523;refresh;nvim_win_call;lualine.lua:279;statusline;pcall;lualine.lua:160;draw_section 1
mrs_doubtfire.lua:30;getchar;pcall;@0x01025f55cc;lualine.lua:352;refresh;nvim_win_call;lualine.lua:279;statusline;pcall;lualine.lua:85 1
mrs_doubtfire.lua:30;getchar;cmd;nvim_exec2;highlighter.lua:361;on_line_impl;for_each_highlight_state;fn;get_range 1
mrs_doubtfire.lua:30;getchar;cmd;nvim_exec2;bufferline.lua:54;get_components;get_valid_buffers;is_valid 1
autocommands.lua:141;update_position;update_highlights;get_buffers;is_aerial_buffer 1
mrs_doubtfire.lua:30;getchar;cmd;nvim_exec2;highlighter.lua:396;parse;is_valid;is_valid 1
mrs_doubtfire.lua:30;getchar;cmd;nvim_exec2;highlighter.lua:361;on_line_impl;for_each_highlight_state;fn;iter;match_preds 1
mrs_doubtfire.lua:30;new;reset_lines;update;update_ui;draw_border_guides;draw_horiz_border_guide;set_grid;reset;deepcopy;; 1
_editor.lua:0;;pcall;lualine.lua:523;refresh 1
highlighter.lua:361;on_line_impl;for_each_highlight_state;fn;get_url 1
highlighter.lua:361;on_line_impl;for_each_highlight_state;fn;iter_captures;memoize 1
highlighter.lua:361;on_line_impl;for_each_highlight_state 1
lualine.lua:24 1
init.lua:77;safe_handle;xpcall;init.lua:189;handler;set;append;_append;NuiText;init;set 1
triggers.lua:43;start;get;update 1
treesitter-context.lua:21;f;get_context;(for generator);get_context_query;pcall;_memoize.lua:55;fn;fn 1
triggers.lua:43;start;get;update;list_extend 1
treesitter-context.lua:133 1
mrs_doubtfire.lua:30;terminate;cleanup;cleanup;hide;nvim_win_close;[string]:0;fire_event;get_value;split 1
treesitter-context.lua:21;f;get_context;iter_context_parents;get_parent_langtrees;contains;tree_contains 1
autocommands.lua:141;update_position;get_aerial_win;get_winid_from_var 1
autocommands.lua:141;update_position;get_or_create;get_buffers;get_aerial_buffer 1
mrs_doubtfire.lua:30;new;reset_lines;update;update_ui;draw_border_guides;draw_horiz_border_guide;set_grid;reset;show;__newindex;configs.lua:132;reattach_module;attach_module;get_buf_lang;get_lang;split;gsplit;validate; 1
triggers.lua:43;start;step;pcall;@0x01025f55cc;_editor.lua:0; 1
lualine.lua:352;refresh;set;set_opt 1
bufferline.lua:54;get_components;ui.lua:461;for_element;hl_group 1
bufferline.lua:98;toggle_bufferline;get_buf_count 1
triggers.lua:43;start;step;pcall;@0x01025f55cc;_editor.lua:0;;try;pcall;view.lua:267;defaults; 1
mrs_doubtfire.lua:30;new;reset_lines;update;update_ui;draw_border_guides;draw_horiz_border_guide;distribute_horiz 1
mrs_doubtfire.lua:30;getchar;pcall;@0x01025f55cc;_editor.lua:0;;nvim__redraw;bufferline.lua:54;get_components;ui.lua:461;get_component_size 1
highlighter.lua:361;on_line_impl;for_each_highlight_state;fn;iter_captures;memoize;validate; 1
autocommands.lua:141;update_position;update_highlights;has_symbols;get;get_buffers;get_aerial_buffer 1
mrs_doubtfire.lua:30;getchar;pcall;@0x01025f55cc;_editor.lua:0;;nvim__redraw;bufferline.lua:54;get_components;get_valid_buffers 1
mrs_doubtfire.lua:30;getchar;pcall;@0x01025f55cc;treesitter-context.lua:21;f;open;open;render_lno;build_lno_str;get_relative_line_num 1
nvim-cursorline.lua:95;matchadd;__index 1
mrs_doubtfire.lua:30;new;reset_lines;update;update_ui;draw_border_guides;draw_horiz_border_guide;set_grid;reset;show 1
triggers.lua:43;start;step;pcall;@0x01025f55cc;_editor.lua:0;;try;pcall;view.lua:267;__index 1
triggers.lua:43;start;step;pcall;@0x01025f55cc;_editor.lua:0;;try;pcall;view.lua:267;show 1
triggers.lua:43;start;update;show;redraw;bufferline.lua:54;get_components;new 1
triggers.lua:43;start;update;show;show;tbl_deep_extend 1
triggers.lua:43;start;update;show;redraw;init.lua:77;safe_handle;xpcall;call.lua:138 1
triggers.lua:43;start;step;pcall;@0x01025f55cc;_editor.lua:0;;;defer_fn;validate;; 1
triggers.lua:43;start;step;pcall;@0x01025f55cc;_editor.lua:0;;try;pcall;view.lua:267;new;defaults 1
triggers.lua:43;start;update;show;expand;item;icon;get;_get;parse 1
triggers.lua:43;start;step;pcall;@0x01025f55cc;_editor.lua:0;;try;pcall;view.lua:267;redraw;highlighter.lua:361;on_line_impl;for_each_highlight_state;fn;iter;match_preds;fn;handler;get_node_text 1
triggers.lua:43;start;step;pcall;@0x01025f55cc;_editor.lua:0;;try;pcall;view.lua:267;redraw;bufferline.lua:54;get_components;new 1
triggers.lua:43;start;step;pcall;@0x01025f55cc;_editor.lua:0;;try;pcall;view.lua:267;redraw;highlighter.lua:361;on_line_impl;for_each_highlight_state;fn;iter;match_preds;fn 1
triggers.lua:43;start;step;pcall;@0x01025f55cc;_editor.lua:0;;try;pcall;view.lua:267;redraw;bufferline.lua:54;tabline;join;to_tabline_str;tbl_flatten;flatten 1
triggers.lua:43;start;step;pcall;@0x01025f55cc;_editor.lua:0;;try;pcall;view.lua:267;redraw;highlighter.lua:396;prepare_highlight_states;for_each_tree;for_each_tree;fn 1
bufferline.lua:54;get_components;ui.lua:461;get_component_size;is_list 1
triggers.lua:43;start;get;update;add 1
_editor.lua:0;;nvim__redraw;bufferline.lua:54;get_components;ui.lua:461;spacing 1
_editor.lua:0;;nvim__redraw;highlighter.lua:361;on_line_impl;for_each_highlight_state;fn;get_range 1
_editor.lua:0;;nvim__redraw;bufferline.lua:54;tabline;join;to_tabline_str;extend_highlight;tbl_get 1
_editor.lua:0;;attach;update;add;set 1
_editor.lua:0;;pcall;notification.lua:362;render;render_item;gsplit 1
mrs_doubtfire.lua:30;new;reset_lines;update;update_ui;draw_border_guides;draw_vert_border_guide;get_vert_indexes 1
bufferline.lua:54;get_components;__index 1
mrs_doubtfire.lua:30;new;reset_lines;update;update_ui;draw_border_guides;draw_horiz_border_guide;set_grid;reset;show;__newindex;install.lua:561;get_buf_lang 1
lualine.lua:352 1
triggers.lua:43;start;step;pcall;@0x01025f55cc;_editor.lua:0;;try;pcall;view.lua:267;redraw;highlighter.lua:361;on_line_impl;for_each_highlight_state;fn;iter 1
lualine.lua:318;tbl_contains 1
_editor.lua:0;;nvim__redraw;bufferline.lua:54;tabline;get;hl 1
mrs_doubtfire.lua:30;getchar;cmd;nvim_exec2;bufferline.lua:54;get_components;reset 1
triggers.lua:43;start;step;pcall;@0x01025f55cc;_editor.lua:0;;try;pcall;view.lua:267;redraw;highlighter.lua:361;on_line_impl;for_each_highlight_state;fn;iter;match_preds;fn;handler;get_node_text;get_range 1
_editor.lua:0;;pcall;notification.lua:362;guard;pcall;notification.lua:373;set_lines;get_buffer 1
highlighter.lua:396;parse;parse;is_valid 1
bufferline.lua:54;get_components 1
[string]:0;get_delim;get_active_nodes;fn;get_matches;fn;for_each_tree;fn;collect_group_results 1
bufferline.lua:54;set;tbl_contains 1
_editor.lua:0;;;pcall;call.lua:134;xpcall;router.lua:148;is_exiting 1
bufferline.lua:54;tabline 1
mrs_doubtfire.lua:30;new;reset_lines;get_visible_lines;fun 1
bufferline.lua:54;is_tabline;mode 1
mrs_doubtfire.lua:30;new;reset_lines;update;update_ui;draw_border_guides;draw_horiz_border_guide;set_grid;reset;show;__newindex;[string]:0;is_hl_enabled 1
nvim-cursorline.lua:95;matchadd;__newindex 1
mrs_doubtfire.lua:30;getchar;pcall;@0x01025f55cc;treesitter-context.lua:21;f;get_context;(for generator);get_context_query;pcall;_memoize.lua:55;fn;fn;add;validate;; 1
_editor.lua:0;;pcall;lualine.lua:523;refresh;nvim_win_call;lualine.lua:279;statusline;pcall;lualine.lua:160;draw_section;draw;cond;throttled_command_status;fn;_get 1
wildmenu_entries_view.lua:51 1
lualine.lua:352;refresh;nvim_win_call;lualine.lua:279;statusline;pcall;lualine.lua:160;draw_section;draw;update_status;split 1
triggers.lua:43;start;step;check;execute;suspend;detach;update;del;pcall;keymap.lua:0;validate; 1
mrs_doubtfire.lua:30;getchar;cmd;nvim_exec2;init.lua:77;safe_handle;xpcall;init.lua:189;handler;skip;is_equal 1
mrs_doubtfire.lua:30;getchar;cmd;nvim_exec2;bufferline.lua:54;tabline;get;pcall;bufferline.lua:27;list 1
highlighter.lua:361;on_line_impl;for_each_highlight_state;fn;iter;match_preds;hash 1
[string]:0;get_delim;get_active_nodes;fn;get_matches 1
semantic_tokens.lua:804;on_win;lower_bound 1
mrs_doubtfire.lua:30;new;reset_lines;update;update_ui;draw_border_guides;draw_horiz_border_guide;set_grid;reset 1
mrs_doubtfire.lua:30;new;reset_lines;update;update_ui;draw_border_guides;draw_horiz_border_guide;set_grid;reset;show;__newindex;state.lua:158 1
bufferline.lua:54;get_components;ui.lua:461;add_indicator;current 1
buf.lua:669;request;request;request;encode_and_send;inspect;putValue 1
autocommands.lua:141;update_position;get_position_in_win;get_or_create;get_buffers;is_aerial_buffer 1
mrs_doubtfire.lua:30;new;reset_lines;update;update_ui;draw_border_guides;draw_horiz_border_guide;set_grid;reset;show;__newindex;colorizer.lua:563;COLORIZER_SETUP_HOOK;attach_to_buffer;parse_buffer_options;merge 1
triggers.lua:43;start;step;pcall;@0x01025f55cc;treesitter-context.lua:28 1
mrs_doubtfire.lua:30;getchar;pcall;@0x01025f55cc;treesitter-context.lua:21;f;open;open;render_lno;build_lno_str 1
[string]:0;get_delim;get_active_nodes;fn;get_option;get_module 1
triggers.lua:43;start;step;pcall;@0x01025f55cc;_editor.lua:0;;pcall;lualine.lua:523;refresh;nvim_win_call;lualine.lua:279;statusline;pcall;lualine.lua:160;draw_section;draw;apply_highlights 1
triggers.lua:43;start;step;pcall;@0x01025f55cc;_editor.lua:0;;pcall;lualine.lua:523;refresh;nvim_win_call;lualine.lua:279;statusline;pcall;lualine.lua:160;draw_section;draw;update_status 1
triggers.lua:43;start;step;pcall;@0x01025f55cc;_editor.lua:0;;;defer_fn;schedule_wrap 1
triggers.lua:43;start;step;pcall;@0x01025f55cc;_editor.lua:0;;;defer_fn 1
lualine.lua:352;refresh;nvim_win_call;lualine.lua:279;statusline;pcall;lualine.lua:160;draw_section;draw;update_status;pcall;location.lua:3 1
triggers.lua:43;start;get;update;attach;walk;fn;is_safe;count;children 1
[string]:0;get_delim;get_active_nodes;fn;get_matches;fn;for_each_tree;fn;collect_group_results;(for generator) 1
mrs_doubtfire.lua:30;ctrl_key_pressed;parse_char;flash_vert_line;draw_vert_line;buffer_window_bounds;visible_bounds;right_col 1
triggers.lua:43;start;get;update;attach;walk 1
_editor.lua:0;;nvim__redraw;bufferline.lua:54;get_components;ui.lua:461;get_component_size 1
buf.lua:675;buf_clear_references;validate;;;is_callable 1
mrs_doubtfire.lua:30;getchar;pcall;@0x01025f55cc;treesitter-context.lua:21;f;get_context 1
